<?xml version="1.0" encoding="UTF-8"?>
<!-- Generated by org.testng.reporters.JUnitXMLReporter -->
<testsuite ignored="0" hostname="LAPTOP-93L7FD0E" failures="0" tests="3" name="Default test" time="7.159" errors="0" timestamp="2025-09-07T14:51:57 IST">
  <testcase classname="tc_Repositary.LoginPageTest" name="testInvalidLoginShowErrorMsg" time="0.198"/>
  <testcase classname="tc_Repositary.LoginPageTest" name="testLoginButtonDisabledWhenFieldsAreEmpty" time="0.007"/>
  <testcase classname="tc_Repositary.LoginPageTest" name="testPasswordMaskedButton" time="0.02"/>
</testsuite> <!-- Default test -->
