<?xml version="1.0" encoding="UTF-8"?>
<testng-results ignored="0" total="3" passed="3" failed="0" skipped="0">
  <reporter-output>
  </reporter-output>
  <suite started-at="2025-09-07T14:51:50 IST" name="Default suite" finished-at="2025-09-07T14:51:57 IST" duration-ms="7159">
    <groups>
    </groups>
    <test started-at="2025-09-07T14:51:50 IST" name="Default test" finished-at="2025-09-07T14:51:57 IST" duration-ms="7159">
      <class name="tc_Repositary.LoginPageTest">
        <test-method is-config="true" signature="createConnection()[pri:0, instance:tc_Repositary.LoginPageTest@48aca48b]" started-at="2025-09-07T14:51:50 IST" name="createConnection" finished-at="2025-09-07T14:51:50 IST" duration-ms="6" status="PASS">
          <reporter-output>
          </reporter-output>
        </test-method> <!-- createConnection -->
        <test-method is-config="true" signature="launchBrowser()[pri:0, instance:tc_Repositary.LoginPageTest@48aca48b]" started-at="2025-09-07T14:51:50 IST" name="launchBrowser" finished-at="2025-09-07T14:51:56 IST" duration-ms="6477" status="PASS">
          <reporter-output>
          </reporter-output>
        </test-method> <!-- launchBrowser -->
        <test-method signature="testInvalidLoginShowErrorMsg()[pri:0, instance:tc_Repositary.LoginPageTest@48aca48b]" started-at="2025-09-07T14:51:56 IST" name="testInvalidLoginShowErrorMsg" finished-at="2025-09-07T14:51:57 IST" duration-ms="198" status="PASS">
          <reporter-output>
          </reporter-output>
        </test-method> <!-- testInvalidLoginShowErrorMsg -->
        <test-method signature="testLoginButtonDisabledWhenFieldsAreEmpty()[pri:0, instance:tc_Repositary.LoginPageTest@48aca48b]" started-at="2025-09-07T14:51:57 IST" name="testLoginButtonDisabledWhenFieldsAreEmpty" finished-at="2025-09-07T14:51:57 IST" duration-ms="7" status="PASS">
          <reporter-output>
          </reporter-output>
        </test-method> <!-- testLoginButtonDisabledWhenFieldsAreEmpty -->
        <test-method signature="testPasswordMaskedButton()[pri:0, instance:tc_Repositary.LoginPageTest@48aca48b]" started-at="2025-09-07T14:51:57 IST" name="testPasswordMaskedButton" finished-at="2025-09-07T14:51:57 IST" duration-ms="20" status="PASS">
          <reporter-output>
          </reporter-output>
        </test-method> <!-- testPasswordMaskedButton -->
        <test-method is-config="true" signature="closeApp()[pri:0, instance:tc_Repositary.LoginPageTest@48aca48b]" started-at="2025-09-07T14:51:57 IST" name="closeApp" finished-at="2025-09-07T14:51:57 IST" duration-ms="358" status="PASS">
          <reporter-output>
          </reporter-output>
        </test-method> <!-- closeApp -->
        <test-method is-config="true" signature="closeConnection()[pri:0, instance:tc_Repositary.LoginPageTest@48aca48b]" started-at="2025-09-07T14:51:57 IST" name="closeConnection" finished-at="2025-09-07T14:51:57 IST" duration-ms="2" status="PASS">
          <reporter-output>
          </reporter-output>
        </test-method> <!-- closeConnection -->
      </class> <!-- tc_Repositary.LoginPageTest -->
    </test> <!-- Default test -->
  </suite> <!-- Default suite -->
</testng-results>
